<?xml version="1.0" encoding="UTF-8"?>
<!-- Generated by org.testng.reporters.JUnitXMLReporter -->
<testsuite hostname="sunny-PC" ignored="0" name="firsttest" tests="7" failures="0" timestamp="16 Oct 2018 16:30:10 GMT" time="39.537" errors="0">
  <testcase name="tc001" time="0.019" classname="p1.MyTest1"/>
  <testcase name="tc002" time="0.005" classname="p1.MyTest1"/>
  <testcase name="tc003" time="0.008" classname="p1.MyTest1"/>
  <testcase name="tc004" time="0.003" classname="p2.MyTest2"/>
  <testcase name="tc005" time="0.006" classname="p2.MyTest2"/>
  <testcase name="tc006" time="0.008" classname="p2.MyTest2"/>
  <testcase name="tc001" time="3.124" classname="p2.WebDriver_Testng_Testcase"/>
</testsuite> <!-- firsttest -->
